================================================================================
SESSÃO: ÁPICE SISTEMAS DE ENERGIA | LOCAL: BRASIL | FOCO: COMPRAS
DATA: 2026-05-05 14:01:02
================================================================================


==============================
🔍 NOVA CONSULTA: Ápice Sistemas De Energia Sócio Brasil linkedin
==============================

[FILTRO MECÂNICO] CANDIDATO: Marcio Costa
LINK: https://br.linkedin.com/in/marcio-costa-b0996729
MOTIVO: 🚫 REJEIÇÃO MECÂNICA: Filtro de segurança (filters.py)
--------------------------------------------------

[FILTRO MECÂNICO] CANDIDATO: Lucas Barbosa
LINK: https://br.linkedin.com/in/lucas-barbosa-6877a0254
MOTIVO: 🚫 REJEIÇÃO MECÂNICA: Filtro de segurança (filters.py)
--------------------------------------------------


==============================
🔍 NOVA CONSULTA: Ápice Sistemas De Energia Fundador Brasil linkedin
==============================

[FILTRO MECÂNICO] CANDIDATO: Gustavo Luiz Rosa
LINK: https://br.linkedin.com/in/gustavo-luiz-rosa-386b3b94
MOTIVO: 🚫 REJEIÇÃO MECÂNICA: Filtro de segurança (filters.py)
--------------------------------------------------


==============================
🔍 NOVA CONSULTA: Ápice Sistemas De Energia Owner Brasil linkedin
==============================


================================================================================
SESSÃO: ÁPICE SISTEMAS DE ENERGIA | LOCAL: BRASIL | FOCO: COMPRAS
DATA: 2026-05-05 15:37:22
================================================================================


==============================
🔍 NOVA CONSULTA: LUIZ GUSTAVO FERNANDES Ápice Sistemas De Energia Brasil linkedin
==============================


================================================================================
SESSÃO: ÁPICE SISTEMAS DE ENERGIA | LOCAL: BRASIL | FOCO: COMPRAS
DATA: 2026-05-06 07:59:50
================================================================================


==============================
🔍 NOVA CONSULTA: LUIZ GUSTAVO FERNANDES Ápice Sistemas De Energia Brasil linkedin
==============================

[FILTRO MECÂNICO] CANDIDATO: Gustavo Luiz Rosa
LINK: https://br.linkedin.com/in/gustavo-luiz-rosa-386b3b94
MOTIVO: 🚫 REJEIÇÃO MECÂNICA: Filtro de segurança (filters.py)
--------------------------------------------------

[FILTRO MECÂNICO] CANDIDATO: Luiz Gustavo Fernandes
LINK: https://br.linkedin.com/in/luiz-gustavo-fernandes-89b8b7148
MOTIVO: 🚫 REJEIÇÃO MECÂNICA: Filtro de segurança (filters.py)
--------------------------------------------------

[FILTRO MECÂNICO] CANDIDATO: Luiz Gustavo Fernandes
LINK: https://br.linkedin.com/in/luiz-gustavo-fernandes-3ab25718
MOTIVO: 🚫 REJEIÇÃO MECÂNICA: Filtro de segurança (filters.py)
--------------------------------------------------

[FILTRO MECÂNICO] CANDIDATO: Luiz Gustavo Fernandes Lopes
LINK: https://br.linkedin.com/in/luiz-gustavo-fernandes-lopes-0b5264b4
MOTIVO: 🚫 REJEIÇÃO MECÂNICA: Filtro de segurança (filters.py)
--------------------------------------------------

[FILTRO MECÂNICO] CANDIDATO: Luiz Gustavo S.
LINK: https://www.linkedin.com/in/lgso
MOTIVO: 🚫 REJEIÇÃO MECÂNICA: Filtro de segurança (filters.py)
--------------------------------------------------

[FILTRO MECÂNICO] CANDIDATO: Luiz Gustavo Cidade
LINK: https://br.linkedin.com/in/luiz-gustavo-cidade-9621b729
MOTIVO: 🚫 REJEIÇÃO MECÂNICA: Filtro de segurança (filters.py)
--------------------------------------------------

[FILTRO MECÂNICO] CANDIDATO: Luiz Gustavo Fernandes
LINK: https://br.linkedin.com/in/luizgustavofernandesesilva
MOTIVO: 🚫 REJEIÇÃO MECÂNICA: Filtro de segurança (filters.py)
--------------------------------------------------

[FILTRO MECÂNICO] CANDIDATO: Luiz Gustavo Sobral Fernandes
LINK: https://br.linkedin.com/in/luiz-gustavo-sobral-fernandes-25285bb9
MOTIVO: 🚫 REJEIÇÃO MECÂNICA: Filtro de segurança (filters.py)
--------------------------------------------------

[FILTRO MECÂNICO] CANDIDATO: LinkedIn Brasil: entre ou cadastre
LINK: https://br.linkedin.com/in/luiz-gustavo-fernandes-da-costa-01b2b546
MOTIVO: 🚫 Nome inválido ou coincidente com a marca
--------------------------------------------------

[FILTRO MECÂNICO] CANDIDATO: Luiz Gustavo Costa Fernandes
LINK: https://br.linkedin.com/in/luiz-gustavo-costa-fernandes-8b475934
MOTIVO: 🚫 REJEIÇÃO MECÂNICA: Filtro de segurança (filters.py)
--------------------------------------------------

[FILTRO MECÂNICO] CANDIDATO: Luiz Gustavo Fernandes Marques
LINK: https://br.linkedin.com/in/luiz-gustavo-fernandes-marques-9441a4255
MOTIVO: 🚫 REJEIÇÃO MECÂNICA: Filtro de segurança (filters.py)
--------------------------------------------------

[FILTRO MECÂNICO] CANDIDATO: Luiz Henrique Ceotto
LINK: https://br.linkedin.com/in/luiz-henrique-ceotto-17a382a3
MOTIVO: 🚫 REJEIÇÃO MECÂNICA: Filtro de segurança (filters.py)
--------------------------------------------------

[FILTRO MECÂNICO] CANDIDATO: Luiz Gustavo Neves
LINK: https://br.linkedin.com/in/luiz-gustavo-neves
MOTIVO: 🚫 REJEIÇÃO MECÂNICA: Filtro de segurança (filters.py)
--------------------------------------------------

[FILTRO MECÂNICO] CANDIDATO: Unknown
LINK: https://br.linkedin.com/in/luiz-gustavo-fernandes-rocha-253633132
MOTIVO: 🚫 Nome inválido ou coincidente com a marca
--------------------------------------------------


==============================
🔍 NOVA CONSULTA: Ápice Sistemas De Energia Sócio Brasil linkedin
==============================


================================================================================
SESSÃO: PLASTÉCNICA | LOCAL: BRASIL | FOCO: COMPRAS
DATA: 2026-05-06 09:04:43
================================================================================


==============================
🔍 NOVA CONSULTA: FABIANA CRISTINA CEOLIN CUESTAS Plastécnica Brasil linkedin
==============================


==============================
🔍 NOVA CONSULTA: RODOLFO CAMILO CUESTAS Plastécnica Brasil linkedin
==============================

[FILTRO MECÂNICO] CANDIDATO: Rodolfo C. Cuestas
LINK: https://br.linkedin.com/in/rodolfo-c-cuestas-b58a5627
MOTIVO: 🚫 REJEIÇÃO MECÂNICA: Filtro de segurança (filters.py)
--------------------------------------------------

[FILTRO MECÂNICO] CANDIDATO: Rodolfo Camilo
LINK: https://br.linkedin.com/in/rodolfo-camilo-8880b2364
MOTIVO: 🚫 REJEIÇÃO MECÂNICA: Filtro de segurança (filters.py)
--------------------------------------------------

[FILTRO MECÂNICO] CANDIDATO: Rodolfo Camilo da Silva
LINK: https://br.linkedin.com/in/rodolfo-camilo-da-silva-459526156
MOTIVO: 🚫 REJEIÇÃO MECÂNICA: Filtro de segurança (filters.py)
--------------------------------------------------


==============================
🔍 NOVA CONSULTA: TIAGO LUIS MACHADO Plastécnica Brasil linkedin
==============================

[FILTRO MECÂNICO] CANDIDATO: Tiago Luis
LINK: https://br.linkedin.com/in/tiago-luis-8406ba207
MOTIVO: 🚫 REJEIÇÃO MECÂNICA: Filtro de segurança (filters.py)
--------------------------------------------------

[FILTRO MECÂNICO] CANDIDATO: Tiago Machado
LINK: https://br.linkedin.com/in/tiago-machado-8a3bb6278
MOTIVO: 🚫 REJEIÇÃO MECÂNICA: Filtro de segurança (filters.py)
--------------------------------------------------


==============================
🔍 NOVA CONSULTA: Plastécnica Sócio Brasil linkedin
==============================

[FILTRO MECÂNICO] CANDIDATO: Maria Milena Cruz
LINK: https://br.linkedin.com/in/maria-milena-cruz-426428b8
MOTIVO: 🚫 REJEIÇÃO MECÂNICA: Filtro de segurança (filters.py)
--------------------------------------------------

[FILTRO MECÂNICO] CANDIDATO: Marco Romero
LINK: https://br.linkedin.com/in/marco-romero-64276a57
MOTIVO: 🚫 REJEIÇÃO MECÂNICA: Filtro de segurança (filters.py)
--------------------------------------------------

[FILTRO MECÂNICO] CANDIDATO: Cleber Santos
LINK: https://br.linkedin.com/in/cleber-santos-19625b148
MOTIVO: 🚫 REJEIÇÃO MECÂNICA: Filtro de segurança (filters.py)
--------------------------------------------------

[FILTRO MECÂNICO] CANDIDATO: Antonio Gomes
LINK: https://br.linkedin.com/in/antonio-gomes-33b52b19b
MOTIVO: 🚫 REJEIÇÃO MECÂNICA: Filtro de segurança (filters.py)
--------------------------------------------------


================================================================================
SESSÃO: ÁPICE SISTEMAS DE ENERGIA | LOCAL: BRASIL | FOCO: COMPRAS
DATA: 2026-05-06 09:22:12
================================================================================


==============================
🔍 NOVA CONSULTA: LUIZ GUSTAVO FERNANDES Ápice Sistemas De Energia Brasil linkedin
==============================


================================================================================
SESSÃO: ÁPICE SISTEMAS DE ENERGIA | LOCAL: BRASIL | FOCO: COMPRAS
DATA: 2026-05-06 10:31:09
================================================================================


==============================
🔍 NOVA CONSULTA: LUIZ GUSTAVO FERNANDES Ápice Sistemas De Energia Brasil linkedin
==============================

[FILTRO MECÂNICO] CANDIDATO: Gustavo Luiz Rosa
LINK: https://br.linkedin.com/in/gustavo-luiz-rosa-386b3b94
MOTIVO: 🚫 REJEIÇÃO MECÂNICA: Filtro de segurança (filters.py)
--------------------------------------------------

[FILTRO MECÂNICO] CANDIDATO: Luiz Gustavo Fernandes
LINK: https://br.linkedin.com/in/luiz-gustavo-fernandes-89b8b7148
MOTIVO: 🚫 REJEIÇÃO MECÂNICA: Filtro de segurança (filters.py)
--------------------------------------------------

[FILTRO MECÂNICO] CANDIDATO: Luiz Gustavo Fernandes
LINK: https://br.linkedin.com/in/luiz-gustavo-fernandes-3ab25718
MOTIVO: 🚫 REJEIÇÃO MECÂNICA: Filtro de segurança (filters.py)
--------------------------------------------------

[FILTRO MECÂNICO] CANDIDATO: Luiz Gustavo S.
LINK: https://www.linkedin.com/in/lgso
MOTIVO: 🚫 REJEIÇÃO MECÂNICA: Filtro de segurança (filters.py)
--------------------------------------------------

[FILTRO MECÂNICO] CANDIDATO: Luiz Gustavo Cidade
LINK: https://br.linkedin.com/in/luiz-gustavo-cidade-9621b729
MOTIVO: 🚫 REJEIÇÃO MECÂNICA: Filtro de segurança (filters.py)
--------------------------------------------------

[FILTRO MECÂNICO] CANDIDATO: Luiz Gustavo Fernandes
LINK: https://br.linkedin.com/in/luizgustavofernandesesilva
MOTIVO: 🚫 REJEIÇÃO MECÂNICA: Filtro de segurança (filters.py)
--------------------------------------------------

[FILTRO MECÂNICO] CANDIDATO: Luiz Gustavo Sobral Fernandes
LINK: https://br.linkedin.com/in/luiz-gustavo-sobral-fernandes-25285bb9
MOTIVO: 🚫 REJEIÇÃO MECÂNICA: Filtro de segurança (filters.py)
--------------------------------------------------

[FILTRO MECÂNICO] CANDIDATO: LinkedIn Brasil: entre ou cadastre
LINK: https://br.linkedin.com/in/luiz-gustavo-fernandes-da-costa-01b2b546
MOTIVO: 🚫 Nome inválido ou coincidente com a marca
--------------------------------------------------

[FILTRO MECÂNICO] CANDIDATO: Luiz Gustavo Costa Fernandes
LINK: https://br.linkedin.com/in/luiz-gustavo-costa-fernandes-8b475934
MOTIVO: 🚫 REJEIÇÃO MECÂNICA: Filtro de segurança (filters.py)
--------------------------------------------------

[FILTRO MECÂNICO] CANDIDATO: Luiz Gustavo Fernandes Marques
LINK: https://br.linkedin.com/in/luiz-gustavo-fernandes-marques-9441a4255
MOTIVO: 🚫 REJEIÇÃO MECÂNICA: Filtro de segurança (filters.py)
--------------------------------------------------

[FILTRO MECÂNICO] CANDIDATO: Luiz Henrique Ceotto
LINK: https://br.linkedin.com/in/luiz-henrique-ceotto-17a382a3
MOTIVO: 🚫 REJEIÇÃO MECÂNICA: Filtro de segurança (filters.py)
--------------------------------------------------

[FILTRO MECÂNICO] CANDIDATO: Luiz Gustavo Neves
LINK: https://br.linkedin.com/in/luiz-gustavo-neves
MOTIVO: 🚫 REJEIÇÃO MECÂNICA: Filtro de segurança (filters.py)
--------------------------------------------------

[FILTRO MECÂNICO] CANDIDATO: Unknown
LINK: https://br.linkedin.com/in/luiz-gustavo-fernandes-rocha-253633132
MOTIVO: 🚫 Nome inválido ou coincidente com a marca
--------------------------------------------------


==============================
🔍 NOVA CONSULTA: Ápice Sistemas De Energia Sócio Brasil linkedin
==============================

[FILTRO MECÂNICO] CANDIDATO: Marcio Costa
LINK: https://br.linkedin.com/in/marcio-costa-b0996729
MOTIVO: 🚫 REJEIÇÃO MECÂNICA: Filtro de segurança (filters.py)
--------------------------------------------------

[FILTRO MECÂNICO] CANDIDATO: Lucas Barbosa
LINK: https://br.linkedin.com/in/lucas-barbosa-6877a0254
MOTIVO: 🚫 REJEIÇÃO MECÂNICA: Filtro de segurança (filters.py)
--------------------------------------------------


==============================
🔍 NOVA CONSULTA: Ápice Sistemas De Energia Fundador Brasil linkedin
==============================


================================================================================
SESSÃO: ÁPICE SISTEMAS DE ENERGIA | LOCAL: BRASIL | FOCO: COMPRAS
DATA: 2026-05-06 11:02:39
================================================================================


==============================
🔍 NOVA CONSULTA: LUIZ GUSTAVO FERNANDES Ápice Sistemas De Energia Brasil linkedin
==============================

[FILTRO MECÂNICO] CANDIDATO: Luiz Gustavo Fernandes
LINK: https://br.linkedin.com/in/luiz-gustavo-fernandes-89b8b7148
MOTIVO: 🚫 REJEIÇÃO MECÂNICA: Filtro de segurança (filters.py)
--------------------------------------------------

[FILTRO MECÂNICO] CANDIDATO: Luiz Gustavo Fernandes
LINK: https://br.linkedin.com/in/luiz-gustavo-fernandes-3ab25718
MOTIVO: 🚫 REJEIÇÃO MECÂNICA: Filtro de segurança (filters.py)
--------------------------------------------------

[FILTRO MECÂNICO] CANDIDATO: Gustavo Luiz Rosa
LINK: https://br.linkedin.com/in/gustavo-luiz-rosa-386b3b94
MOTIVO: 🚫 REJEIÇÃO MECÂNICA: Filtro de segurança (filters.py)
--------------------------------------------------

[FILTRO MECÂNICO] CANDIDATO: Luiz Gustavo Fernandes Lopes
LINK: https://br.linkedin.com/in/luiz-gustavo-fernandes-lopes-0b5264b4
MOTIVO: 🚫 REJEIÇÃO MECÂNICA: Filtro de segurança (filters.py)
--------------------------------------------------


==============================
🔍 NOVA CONSULTA: Ápice Sistemas De Energia Sócio Brasil linkedin
==============================


················································································
🔍 [ANÁLISE DE PERFIL] CANDIDATO: Marcio Costa
🔗 LINKEDIN: https://br.linkedin.com/in/marcio-costa-b0996729
················································································

📦 FASE 4: CANDIDATE PROCESSOR (DADOS BRUTOS)
   ∟ [SEARCH SNIPPET] TITLE: Marcio Costa - Ápice Sistemas de Energia | LinkedIn
   ∟ [SEARCH SNIPPET] BODY: Marcio pode apresentar você a mais de 10 pessoas na empresa Ápice Sistemas de Energia
   ∟ [THE ORG CHECK]: ❌ NÃO CONSTA
   ∟ [METADATA ENRICHMENT] (PREVIEW SILENCIOSO):
      ∟ ROLE DETECTED: cargo não identificado nos metadados
      ∟ BIO/DESCRIPTION: Mais de 25 anos de Experiência em Gestão Comercial e Vendas

Com mais de 25 anos de… · Experiência: Ápice Sistemas de Energia · Formação acadêmica: UniMax - Centro Universitário Max Planck · Localidade: Campinas · + de 500 conexões no LinkedIn. Veja o perfil de Marcio Costa no LinkedIn, uma comunidade profissional de 1 bilhão de usuários.

🧠 FASE 5: PIPELINE DE INTELIGÊNCIA IA (4 ESTÁGIOS)
   🎯 [ESTÁGIO 1: SNIPER] (HIGIENIZAÇÃO):
      ∟ FALHA NA HIGIENIZAÇÃO
   🕵️ [ESTÁGIO 2: DETETIVE] (EXTRAÇÃO DE FATOS):
      ∟ SEM FATOS EXTRAÍDOS
   👔 [ESTÁGIO 3: ESPECIALISTA RH] (REFINO TÉCNICO):
      ∟ DEPARTAMENTO SUGERIDO: A validar
      ∟ RELEVANTE PARA O FOCO: SIM
   ⚖️ [ESTÁGIO 4: JUIZ FINAL] (VEREDITO):
      ∟ RESULTADO: ✅ APROVADO
      ∟ CARGO FINAL: Professional
      ∟ SCORE DE MATCHING: 50%
      ∟ EVIDÊNCIA DO JUIZ: ENVIADO PARA ANÁLISE HUMANA: Vínculo confirmado, mas cargo exato oculto/genérico.

——————————————————————————————————————————————————

················································································
🔍 [ANÁLISE DE PERFIL] CANDIDATO: Lucas Barbosa
🔗 LINKEDIN: https://br.linkedin.com/in/lucas-barbosa-6877a0254
················································································

📦 FASE 4: CANDIDATE PROCESSOR (DADOS BRUTOS)
   ∟ [SEARCH SNIPPET] TITLE: Lucas Barbosa - Ápice Sistemas de Energia | LinkedIn
   ∟ [SEARCH SNIPPET] BODY: Ao clicar em Continuar para se cadastrar ou entrar, você aceita o Contrato do Usuário, a Política de Privacidade e a Política de Cookies do LinkedIn .
   ∟ [THE ORG CHECK]: ❌ NÃO CONSTA
   ∟ [METADATA ENRICHMENT] (PREVIEW SILENCIOSO):
      ∟ ROLE DETECTED: cargo não identificado nos metadados
      ∟ BIO/DESCRIPTION: Olá, me chamo Lucas e sou um profissional da área de manutenção elétrica e eletrônica… · Experiência: Ápice Sistemas de Energia · Formação acadêmica: Faculdade de Tecnologia de São Paulo - FATEC-SP · Localidade: São Paulo · 91 conexões no LinkedIn. Veja o perfil de Lucas Barbosa no LinkedIn, uma comunidade profissional de 1 bilhão de usuários.

🧠 FASE 5: PIPELINE DE INTELIGÊNCIA IA (4 ESTÁGIOS)
   🎯 [ESTÁGIO 1: SNIPER] (HIGIENIZAÇÃO):
      ∟ FALHA NA HIGIENIZAÇÃO
   🕵️ [ESTÁGIO 2: DETETIVE] (EXTRAÇÃO DE FATOS):
      ∟ SEM FATOS EXTRAÍDOS
   👔 [ESTÁGIO 3: ESPECIALISTA RH] (REFINO TÉCNICO):
      ∟ DEPARTAMENTO SUGERIDO: A validar
      ∟ RELEVANTE PARA O FOCO: SIM
   ⚖️ [ESTÁGIO 4: JUIZ FINAL] (VEREDITO):
      ∟ RESULTADO: ✅ APROVADO
      ∟ CARGO FINAL: Professional
      ∟ SCORE DE MATCHING: 50%
      ∟ EVIDÊNCIA DO JUIZ: ENVIADO PARA ANÁLISE HUMANA: Vínculo confirmado, mas cargo exato oculto/genérico.

——————————————————————————————————————————————————

==============================
🔍 NOVA CONSULTA: Ápice Sistemas De Energia Fundador Brasil linkedin
==============================


================================================================================
SESSÃO: INDÚSTRIAS MANGOTEX LTDA | LOCAL: BRASIL | FOCO: COMPRAS
DATA: 2026-05-07 16:55:03
================================================================================


==============================
🔍 NOVA CONSULTA: Indústrias Mangotex LTDA Sócio Brasil linkedin
==============================

[FILTRO MECÂNICO] CANDIDATO: Matheus Costa
LINK: https://br.linkedin.com/in/matheus-costa-78883b24a
MOTIVO: 🚫 REJEIÇÃO MECÂNICA: Filtro de segurança (filters.py)
--------------------------------------------------


················································································
🔍 [ANÁLISE DE PERFIL] CANDIDATO: Marcos Basso
🔗 LINKEDIN: https://br.linkedin.com/in/marcos-basso-89b59b2b3
················································································

📦 FASE 4: CANDIDATE PROCESSOR (DADOS BRUTOS)
   ∟ [SEARCH SNIPPET] TITLE: Marcos Basso - Indústrias Mangotex LTDA - LinkedIn Brasil Felipe Zaidan - Diretor de Exportação e ... - LinkedIn Brasil Luis Filipe - Indústrias Mangotex LTDA | LinkedIn Paulo Vitor Vasque - Indústrias Mangotex LTDA | LinkedIn
   ∟ [SEARCH SNIPPET] BODY: Gerente de recursos humanos na Indústrias Mangotex LTDA · Experiência: Indústrias Mangotex LTDA · Localidade: 18025-000 · + de 500 conexões no LinkedIn . Veja Marcos Basso o perfil no... Sobre Diretor de Exportação e Engenharia na Mangotex . Responsável pelas áreas de Compras, TI, exportação e engenharia a Mangotex . Também é Diretor da Polyhose e Conselheiro do Sindipeças. · Experiência: Indústrias Mangotex LTDA · Localidade: Indaiatuba · + de 500 conexões no LinkedIn . Veja o perfil de Luis Filipe no LinkedIn , uma comunidade profissional de 1 bilhão de... · Experiência: Indústrias Mangotex LTDA · Formação acadêmica: Anhanguera Educacional · Localidade: Sorocaba · + de 500 conexões no LinkedIn . Veja o perfil de Paulo Vitor Vasque no...
   ∟ [THE ORG CHECK]: ❌ NÃO CONSTA
   ∟ [METADATA ENRICHMENT] (PREVIEW SILENCIOSO):
      ∟ ROLE DETECTED: cargo não identificado nos metadados
      ∟ BIO/DESCRIPTION: Experiência: Indústrias Mangotex LTDA · Localidade: 18025-000 · + de 500 conexões no LinkedIn. Veja Marcos Basso  o perfil no LinkedIn, uma comunidade profissional de 1 bilhão de usuários.

🧠 FASE 5: PIPELINE DE INTELIGÊNCIA IA (4 ESTÁGIOS)
   🎯 [ESTÁGIO 1: SNIPER] (HIGIENIZAÇÃO):
      ∟ FALHA NA HIGIENIZAÇÃO
   🕵️ [ESTÁGIO 2: DETETIVE] (EXTRAÇÃO DE FATOS):
      ∟ SEM FATOS EXTRAÍDOS
   👔 [ESTÁGIO 3: ESPECIALISTA RH] (REFINO TÉCNICO):
      ∟ DEPARTAMENTO SUGERIDO: A validar
      ∟ RELEVANTE PARA O FOCO: SIM
   ⚖️ [ESTÁGIO 4: JUIZ FINAL] (VEREDITO):
      ∟ RESULTADO: ✅ APROVADO
      ∟ CARGO FINAL: Análise Humana
      ∟ SCORE DE MATCHING: 50%
      ∟ EVIDÊNCIA DO JUIZ: ENVIADO PARA ANÁLISE HUMANA: Vínculo confirmado, mas cargo exato oculto/genérico.

——————————————————————————————————————————————————

················································································
🔍 [ANÁLISE DE PERFIL] CANDIDATO: Felipe Zaidan
🔗 LINKEDIN: https://br.linkedin.com/in/felipe-zaidan-99002965
················································································

📦 FASE 4: CANDIDATE PROCESSOR (DADOS BRUTOS)
   ∟ [SEARCH SNIPPET] TITLE: Felipe Zaidan - Diretor de Exportação e ... - LinkedIn Brasil Luis Filipe - Indústrias Mangotex LTDA | LinkedIn Paulo Vitor Vasque - Indústrias Mangotex LTDA | LinkedIn
   ∟ [SEARCH SNIPPET] BODY: Sobre Diretor de Exportação e Engenharia na Mangotex . Responsável pelas áreas de Compras, TI, exportação e engenharia a Mangotex . Também é Diretor da Polyhose e Conselheiro do Sindipeças. · Experiência: Indústrias Mangotex LTDA · Localidade: Indaiatuba · + de 500 conexões no LinkedIn . Veja o perfil de Luis Filipe no LinkedIn , uma comunidade profissional de 1 bilhão de... · Experiência: Indústrias Mangotex LTDA · Formação acadêmica: Anhanguera Educacional · Localidade: Sorocaba · + de 500 conexões no LinkedIn . Veja o perfil de Paulo Vitor Vasque no...
   ∟ [THE ORG CHECK]: ❌ NÃO CONSTA
   ∟ [METADATA ENRICHMENT] (PREVIEW SILENCIOSO):
      ∟ ROLE DETECTED: cargo não identificado nos metadados
      ∟ BIO/DESCRIPTION: Diretor de Exportação e Engenharia na Mangotex. Responsável pelas áreas de Compras, TI… · Experiência: Indústrias Mangotex LTDA · Formação acadêmica: Fundação Dom Cabral · Localidade: São Paulo · + de 500 conexões no LinkedIn. Veja o perfil de Felipe Zaidan no LinkedIn, uma comunidade profissional de 1 bilhão de usuários.

🧠 FASE 5: PIPELINE DE INTELIGÊNCIA IA (4 ESTÁGIOS)
   🎯 [ESTÁGIO 1: SNIPER] (HIGIENIZAÇÃO):
      ∟ FALHA NA HIGIENIZAÇÃO
   🕵️ [ESTÁGIO 2: DETETIVE] (EXTRAÇÃO DE FATOS):
      ∟ SEM FATOS EXTRAÍDOS
   👔 [ESTÁGIO 3: ESPECIALISTA RH] (REFINO TÉCNICO):
      ∟ DEPARTAMENTO SUGERIDO: A validar
      ∟ RELEVANTE PARA O FOCO: SIM
   ⚖️ [ESTÁGIO 4: JUIZ FINAL] (VEREDITO):
      ∟ RESULTADO: ✅ APROVADO
      ∟ CARGO FINAL: Análise Humana
      ∟ SCORE DE MATCHING: 50%
      ∟ EVIDÊNCIA DO JUIZ: ENVIADO PARA ANÁLISE HUMANA: Vínculo confirmado, mas cargo exato oculto/genérico.

——————————————————————————————————————————————————

················································································
🔍 [ANÁLISE DE PERFIL] CANDIDATO: Luis Filipe
🔗 LINKEDIN: https://br.linkedin.com/in/luis-filipe-704642134
················································································

📦 FASE 4: CANDIDATE PROCESSOR (DADOS BRUTOS)
   ∟ [SEARCH SNIPPET] TITLE: Luis Filipe - Indústrias Mangotex LTDA | LinkedIn
   ∟ [SEARCH SNIPPET] BODY: · Experiência: Indústrias Mangotex LTDA · Localidade: Indaiatuba · + de 500 conexões no LinkedIn . Veja o perfil de Luis Filipe no LinkedIn , uma comunidade profissional de 1 bilhão de...
   ∟ [THE ORG CHECK]: ❌ NÃO CONSTA
   ∟ [METADATA ENRICHMENT] (PREVIEW SILENCIOSO):
      ∟ ROLE DETECTED: cargo não identificado nos metadados
      ∟ BIO/DESCRIPTION: ➠ Formado – Engenharia de Controle de Automação (Mecatrônica)  - UNIP, Cursando Pós… · Experiência: Indústrias Mangotex LTDA · Localidade: Indaiatuba · + de 500 conexões no LinkedIn. Veja o perfil de Luis Filipe no LinkedIn, uma comunidade profissional de 1 bilhão de usuários.

🧠 FASE 5: PIPELINE DE INTELIGÊNCIA IA (4 ESTÁGIOS)
   🎯 [ESTÁGIO 1: SNIPER] (HIGIENIZAÇÃO):
      ∟ FALHA NA HIGIENIZAÇÃO
   🕵️ [ESTÁGIO 2: DETETIVE] (EXTRAÇÃO DE FATOS):
      ∟ SEM FATOS EXTRAÍDOS
   👔 [ESTÁGIO 3: ESPECIALISTA RH] (REFINO TÉCNICO):
      ∟ DEPARTAMENTO SUGERIDO: A validar
      ∟ RELEVANTE PARA O FOCO: SIM
   ⚖️ [ESTÁGIO 4: JUIZ FINAL] (VEREDITO):
      ∟ RESULTADO: ✅ APROVADO
      ∟ CARGO FINAL: Análise Humana
      ∟ SCORE DE MATCHING: 50%
      ∟ EVIDÊNCIA DO JUIZ: ENVIADO PARA ANÁLISE HUMANA: Vínculo confirmado, mas cargo exato oculto/genérico.

——————————————————————————————————————————————————
[FILTRO MECÂNICO] CANDIDATO: Paulo Vitor Vasque
LINK: https://br.linkedin.com/in/paulo-vitor-vasque-27654b70
MOTIVO: 🚫 REJEIÇÃO MECÂNICA: Filtro de segurança (filters.py)
--------------------------------------------------


==============================
🔍 NOVA CONSULTA: Indústrias Mangotex LTDA Fundador Brasil linkedin
==============================

[FILTRO MECÂNICO] CANDIDATO: Murilo Alves
LINK: https://br.linkedin.com/in/murilo-alves-b52525137
MOTIVO: 🚫 REJEIÇÃO MECÂNICA: Filtro de segurança (filters.py)
--------------------------------------------------


==============================
🔍 NOVA CONSULTA: Indústrias Mangotex LTDA Owner Brasil linkedin
==============================


················································································
🔍 [ANÁLISE DE PERFIL] CANDIDATO: Jean Carlos
🔗 LINKEDIN: https://br.linkedin.com/in/jean-carlos-816040249
················································································

📦 FASE 4: CANDIDATE PROCESSOR (DADOS BRUTOS)
   ∟ [SEARCH SNIPPET] TITLE: Jean Carlos - Indústrias Mangotex LTDA - LinkedIn Brasil
   ∟ [SEARCH SNIPPET] BODY: -- · Experiência: Indústrias Mangotex LTDA · Localidade: Salto. Veja Jean Carlos o perfil no LinkedIn , uma comunidade profissional de 1 bilhão de usuários.
   ∟ [THE ORG CHECK]: ❌ NÃO CONSTA
   ∟ [METADATA ENRICHMENT] (PREVIEW SILENCIOSO):
      ∟ ROLE DETECTED: cargo não identificado nos metadados
      ∟ BIO/DESCRIPTION: Experiência: Indústrias Mangotex LTDA · Localidade: Salto. Veja o perfil de Jean Carlos no LinkedIn, uma comunidade profissional de 1 bilhão de usuários.

🧠 FASE 5: PIPELINE DE INTELIGÊNCIA IA (4 ESTÁGIOS)
   🎯 [ESTÁGIO 1: SNIPER] (HIGIENIZAÇÃO):
      ∟ FALHA NA HIGIENIZAÇÃO
   🕵️ [ESTÁGIO 2: DETETIVE] (EXTRAÇÃO DE FATOS):
      ∟ SEM FATOS EXTRAÍDOS
   👔 [ESTÁGIO 3: ESPECIALISTA RH] (REFINO TÉCNICO):
      ∟ DEPARTAMENTO SUGERIDO: A validar
      ∟ RELEVANTE PARA O FOCO: SIM
   ⚖️ [ESTÁGIO 4: JUIZ FINAL] (VEREDITO):
      ∟ RESULTADO: ✅ APROVADO
      ∟ CARGO FINAL: Análise Humana
      ∟ SCORE DE MATCHING: 50%
      ∟ EVIDÊNCIA DO JUIZ: ENVIADO PARA ANÁLISE HUMANA: Vínculo confirmado, mas cargo exato oculto/genérico.

——————————————————————————————————————————————————
[FILTRO MECÂNICO] CANDIDATO: Alexandre Vasconcelos
LINK: https://br.linkedin.com/in/alexandre-vasconcelos-72715517
MOTIVO: 🚫 REJEIÇÃO MECÂNICA: Filtro de segurança (filters.py)
--------------------------------------------------


==============================
🔍 NOVA CONSULTA: Indústrias Mangotex LTDA Comprador Brasil linkedin
==============================


==============================
🔍 NOVA CONSULTA: Indústrias Mangotex LTDA Compradora Brasil linkedin
==============================


················································································
🔍 [ANÁLISE DE PERFIL] CANDIDATO: Adriana Lima
🔗 LINKEDIN: https://br.linkedin.com/in/adriana-lima-959a5337b
················································································

📦 FASE 4: CANDIDATE PROCESSOR (DADOS BRUTOS)
   ∟ [SEARCH SNIPPET] TITLE: Adriana Lima - Indústrias Mangotex LTDA | LinkedIn
   ∟ [SEARCH SNIPPET] BODY: Compradora na Indústrias Mangotex LTDA · Experiência: Indústrias Mangotex LTDA · Localidade: 13300-003. Veja Adriana Lima o perfil no LinkedIn , uma comunidade profissional de 1...
   ∟ [THE ORG CHECK]: ❌ NÃO CONSTA
   ∟ [METADATA ENRICHMENT] (PREVIEW SILENCIOSO):
      ∟ ROLE DETECTED: cargo não identificado nos metadados
      ∟ BIO/DESCRIPTION: Experiência: Indústrias Mangotex LTDA · Localidade: 13300-003. Veja o perfil de Adriana Lima no LinkedIn, uma comunidade profissional de 1 bilhão de usuários.

🧠 FASE 5: PIPELINE DE INTELIGÊNCIA IA (4 ESTÁGIOS)
   🎯 [ESTÁGIO 1: SNIPER] (HIGIENIZAÇÃO):
      ∟ FALHA NA HIGIENIZAÇÃO
   🕵️ [ESTÁGIO 2: DETETIVE] (EXTRAÇÃO DE FATOS):
      ∟ SEM FATOS EXTRAÍDOS
   👔 [ESTÁGIO 3: ESPECIALISTA RH] (REFINO TÉCNICO):
      ∟ DEPARTAMENTO SUGERIDO: A validar
      ∟ RELEVANTE PARA O FOCO: SIM
   ⚖️ [ESTÁGIO 4: JUIZ FINAL] (VEREDITO):
      ∟ RESULTADO: ✅ APROVADO
      ∟ CARGO FINAL: Análise Humana
      ∟ SCORE DE MATCHING: 50%
      ∟ EVIDÊNCIA DO JUIZ: ENVIADO PARA ANÁLISE HUMANA: Vínculo confirmado, mas cargo exato oculto/genérico.

——————————————————————————————————————————————————
[FILTRO MECÂNICO] CANDIDATO: Cleiton Queiroz
LINK: https://br.linkedin.com/in/cleiton-queiroz-012b6723a
MOTIVO: 🚫 REJEIÇÃO MECÂNICA: Filtro de segurança (filters.py)
--------------------------------------------------

[FILTRO MECÂNICO] CANDIDATO: Angelica Lopes
LINK: https://br.linkedin.com/in/angelica-lopes-1832a3145
MOTIVO: 🚫 REJEIÇÃO MECÂNICA: Filtro de segurança (filters.py)
--------------------------------------------------


················································································
🔍 [ANÁLISE DE PERFIL] CANDIDATO: Adriana Lima
🔗 LINKEDIN: https://br.linkedin.com/in/adriana-lima-40aa34112
················································································

📦 FASE 4: CANDIDATE PROCESSOR (DADOS BRUTOS)
   ∟ [SEARCH SNIPPET] TITLE: Adriana Lima - Indústrias Mangotex LTDA | LinkedIn
   ∟ [SEARCH SNIPPET] BODY: Veja o perfil de Adriana Lima no LinkedIn , uma comunidade profissional de 1 bilhão de usuários.
   ∟ [THE ORG CHECK]: ❌ NÃO CONSTA
   ∟ [METADATA ENRICHMENT] (PREVIEW SILENCIOSO):
      ∟ ROLE DETECTED: cargo não identificado nos metadados
      ∟ BIO/DESCRIPTION: Sou um profissional com alguns anos de experiência na área administrativa e financeira… · Experiência: Indústrias Mangotex LTDA · Formação acadêmica: Fatec Itu · Localidade: Itu · 47 conexões no LinkedIn. Veja o perfil de Adriana Lima no LinkedIn, uma comunidade profissional de 1 bilhão de usuários.

🧠 FASE 5: PIPELINE DE INTELIGÊNCIA IA (4 ESTÁGIOS)
   🎯 [ESTÁGIO 1: SNIPER] (HIGIENIZAÇÃO):
      ∟ FALHA NA HIGIENIZAÇÃO
   🕵️ [ESTÁGIO 2: DETETIVE] (EXTRAÇÃO DE FATOS):
      ∟ SEM FATOS EXTRAÍDOS
   👔 [ESTÁGIO 3: ESPECIALISTA RH] (REFINO TÉCNICO):
      ∟ DEPARTAMENTO SUGERIDO: A validar
      ∟ RELEVANTE PARA O FOCO: SIM
   ⚖️ [ESTÁGIO 4: JUIZ FINAL] (VEREDITO):
      ∟ RESULTADO: ✅ APROVADO
      ∟ CARGO FINAL: Análise Humana
      ∟ SCORE DE MATCHING: 50%
      ∟ EVIDÊNCIA DO JUIZ: ENVIADO PARA ANÁLISE HUMANA: Vínculo confirmado, mas cargo exato oculto/genérico.

——————————————————————————————————————————————————
[FILTRO MECÂNICO] CANDIDATO: Emmy Hikari
LINK: https://br.linkedin.com/in/emmy-hikari-3785b0304
MOTIVO: 🚫 REJEIÇÃO MECÂNICA: Filtro de segurança (filters.py)
--------------------------------------------------


················································································
🔍 [ANÁLISE DE PERFIL] CANDIDATO: Ana Julia França Coimbra
🔗 LINKEDIN: https://br.linkedin.com/in/ana-julia-frança-coimbra-84654b222
················································································

📦 FASE 4: CANDIDATE PROCESSOR (DADOS BRUTOS)
   ∟ [SEARCH SNIPPET] TITLE: Ana Julia França Coimbra - Indústrias Mangotex LTDA | LinkedIn
   ∟ [SEARCH SNIPPET] BODY: Sou profissional de Comércio Exterior com experiência em operações de importação e exportação, atuando de forma integrada com compras internacionais, customer service e área comercial. Tenho...
   ∟ [THE ORG CHECK]: ❌ NÃO CONSTA
   ∟ [METADATA ENRICHMENT] (PREVIEW SILENCIOSO):
      ∟ ROLE DETECTED: cargo não identificado nos metadados
      ∟ BIO/DESCRIPTION: Sou profissional de Comércio Exterior com experiência em operações de importação e… · Experiência: Indústrias Mangotex LTDA · Formação acadêmica: UniMax - Centro Universitário Max Planck · Localidade: Salto · + de 500 conexões no LinkedIn. Veja o perfil de Ana Julia França Coimbra no LinkedIn, uma comunidade profissional de 1 bilhão de usuários.

🧠 FASE 5: PIPELINE DE INTELIGÊNCIA IA (4 ESTÁGIOS)
   🎯 [ESTÁGIO 1: SNIPER] (HIGIENIZAÇÃO):
      ∟ FALHA NA HIGIENIZAÇÃO
   🕵️ [ESTÁGIO 2: DETETIVE] (EXTRAÇÃO DE FATOS):
      ∟ SEM FATOS EXTRAÍDOS
   👔 [ESTÁGIO 3: ESPECIALISTA RH] (REFINO TÉCNICO):
      ∟ DEPARTAMENTO SUGERIDO: A validar
      ∟ RELEVANTE PARA O FOCO: SIM
   ⚖️ [ESTÁGIO 4: JUIZ FINAL] (VEREDITO):
      ∟ RESULTADO: ✅ APROVADO
      ∟ CARGO FINAL: Análise Humana
      ∟ SCORE DE MATCHING: 50%
      ∟ EVIDÊNCIA DO JUIZ: ENVIADO PARA ANÁLISE HUMANA: Vínculo confirmado, mas cargo exato oculto/genérico.

——————————————————————————————————————————————————

==============================
🔍 NOVA CONSULTA: Indústrias Mangotex LTDA Procurement Brasil linkedin
==============================


==============================
🔍 NOVA CONSULTA: Indústrias Mangotex LTDA Strategic Sourcing Brasil linkedin
==============================

[FILTRO MECÂNICO] CANDIDATO: Lucas Messias
LINK: https://br.linkedin.com/in/lucas-messias-8b9483180
MOTIVO: 🚫 REJEIÇÃO MECÂNICA: Filtro de segurança (filters.py)
--------------------------------------------------


==============================
🔍 NOVA CONSULTA: Indústrias Mangotex LTDA Buyer Brasil linkedin
==============================


················································································
🔍 [ANÁLISE DE PERFIL] CANDIDATO: Bruno Luiz
🔗 LINKEDIN: https://br.linkedin.com/in/bruno-luiz-b4a54a192
················································································

📦 FASE 4: CANDIDATE PROCESSOR (DADOS BRUTOS)
   ∟ [SEARCH SNIPPET] TITLE: Bruno Luiz - Indústrias Mangotex LTDA | LinkedIn
   ∟ [SEARCH SNIPPET] BODY: Veja o perfil de Bruno Luiz no LinkedIn , uma comunidade profissional de 1 bilhão de usuários.
   ∟ [THE ORG CHECK]: ❌ NÃO CONSTA
   ∟ [METADATA ENRICHMENT] (PREVIEW SILENCIOSO):
      ∟ ROLE DETECTED: cargo não identificado nos metadados
      ∟ BIO/DESCRIPTION: Experiência: Indústrias Mangotex LTDA · Formação acadêmica: FIA Online · Localidade: Salto · + de 500 conexões no LinkedIn. Veja o perfil de Bruno Luiz no LinkedIn, uma comunidade profissional de 1 bilhão de usuários.

🧠 FASE 5: PIPELINE DE INTELIGÊNCIA IA (4 ESTÁGIOS)
   🎯 [ESTÁGIO 1: SNIPER] (HIGIENIZAÇÃO):
      ∟ FALHA NA HIGIENIZAÇÃO
   🕵️ [ESTÁGIO 2: DETETIVE] (EXTRAÇÃO DE FATOS):
      ∟ SEM FATOS EXTRAÍDOS
   👔 [ESTÁGIO 3: ESPECIALISTA RH] (REFINO TÉCNICO):
      ∟ DEPARTAMENTO SUGERIDO: A validar
      ∟ RELEVANTE PARA O FOCO: SIM
   ⚖️ [ESTÁGIO 4: JUIZ FINAL] (VEREDITO):
      ∟ RESULTADO: ✅ APROVADO
      ∟ CARGO FINAL: Análise Humana
      ∟ SCORE DE MATCHING: 50%
      ∟ EVIDÊNCIA DO JUIZ: ENVIADO PARA ANÁLISE HUMANA: Vínculo confirmado, mas cargo exato oculto/genérico.

——————————————————————————————————————————————————

==============================
🔍 NOVA CONSULTA: Indústrias Mangotex LTDA Analista de Compras Brasil linkedin
==============================

[FILTRO MECÂNICO] CANDIDATO: Analista comercial na
LINK: https://br.linkedin.com/in/michele-martins-962389285
MOTIVO: 🚫 REJEIÇÃO MECÂNICA: Filtro de segurança (filters.py)
--------------------------------------------------

[FILTRO MECÂNICO] CANDIDATO: Fábio Kempe
LINK: https://br.linkedin.com/in/fábio-kempe-59439693
MOTIVO: 🚫 REJEIÇÃO MECÂNICA: Filtro de segurança (filters.py)
--------------------------------------------------


==============================
🔍 NOVA CONSULTA: Indústrias Mangotex LTDA Sourcing Brasil linkedin
==============================


==============================
🔍 NOVA CONSULTA: Indústrias Mangotex LTDA Purchasing Brasil linkedin
==============================

